<?xml version="1.0" encoding="UTF-8"?>
<!-- Generated by org.testng.reporters.JUnitReportReporter -->
<testsuite skipped="0" hostname="EPINHYDW1596" name="automation.mobile.AppiumTest" tests="1" failures="0" timestamp="2020-10-17T01:02:36 IST" time="31.394" errors="0">
  <testcase name="testApp" time="31.394" classname="automation.mobile.AppiumTest"/>
  <system-out/>
</testsuite> <!-- automation.mobile.AppiumTest -->
