<?xml version="1.0" encoding="UTF-8"?>
<!-- Generated by org.testng.reporters.JUnitReportReporter -->
<testsuite skipped="0" hostname="EPINHYDW1596" name="automation.mobile.CovidBaseClass" tests="1" failures="0" timestamp="2020-10-17T10:41:48 IST" time="29.126" errors="0">
  <testcase name="testApp" time="29.126" classname="automation.mobile.CovidBaseClass"/>
  <system-out/>
</testsuite> <!-- automation.mobile.CovidBaseClass -->
